CRITICAL - 2023-09-24 07:04:33 --> Undefined property: App\Controllers\MainController::$music
in APPPATH\Controllers\MainController.php on line 16.
 1 APPPATH\Controllers\MainController.php(16): CodeIgniter\Debug\Exceptions->errorHandler(2, 'Undefined property: App\\Controllers\\MainController::$music', 'C:\\laragon\\www\\Musicplayer\\app\\Controllers\\MainController.php', 16)
 2 SYSTEMPATH\CodeIgniter.php(919): App\Controllers\MainController->song()
 3 SYSTEMPATH\CodeIgniter.php(494): CodeIgniter\CodeIgniter->runController(Object(App\Controllers\MainController))
 4 SYSTEMPATH\CodeIgniter.php(353): CodeIgniter\CodeIgniter->handleRequest(null, Object(Config\Cache), false)
 5 FCPATH\index.php(79): CodeIgniter\CodeIgniter->run()
 6 SYSTEMPATH\Commands\Server\rewrite.php(47): require_once('C:\\laragon\\www\\Musicplayer\\public\\index.php')
CRITICAL - 2023-09-24 07:29:58 --> Undefined variable $plays
in APPPATH\Views\playlist.php on line 18.
 1 APPPATH\Views\playlist.php(18): CodeIgniter\Debug\Exceptions->errorHandler(2, 'Undefined variable $plays', 'C:\\laragon\\www\\Musicplayer\\app\\Views\\playlist.php', 18)
 2 APPPATH\Views\song.php(98): include('C:\\laragon\\www\\Musicplayer\\app\\Views\\playlist.php')
 3 SYSTEMPATH\View\View.php(226): include('C:\\laragon\\www\\Musicplayer\\app\\Views\\song.php')
 4 SYSTEMPATH\View\View.php(229): CodeIgniter\View\View->CodeIgniter\View\{closure}()
 5 SYSTEMPATH\Common.php(1188): CodeIgniter\View\View->render('song', [], true)
 6 APPPATH\Controllers\MainController.php(25): view('song', [...])
 7 SYSTEMPATH\CodeIgniter.php(919): App\Controllers\MainController->song()
 8 SYSTEMPATH\CodeIgniter.php(494): CodeIgniter\CodeIgniter->runController(Object(App\Controllers\MainController))
 9 SYSTEMPATH\CodeIgniter.php(353): CodeIgniter\CodeIgniter->handleRequest(null, Object(Config\Cache), false)
10 FCPATH\index.php(79): CodeIgniter\CodeIgniter->run()
11 SYSTEMPATH\Commands\Server\rewrite.php(47): require_once('C:\\laragon\\www\\Musicplayer\\public\\index.php')
CRITICAL - 2023-09-24 07:30:09 --> Undefined array key "playlist"
in APPPATH\Views\playlist.php on line 18.
 1 APPPATH\Views\playlist.php(18): CodeIgniter\Debug\Exceptions->errorHandler(2, 'Undefined array key "playlist"', 'C:\\laragon\\www\\Musicplayer\\app\\Views\\playlist.php', 18)
 2 APPPATH\Views\song.php(98): include('C:\\laragon\\www\\Musicplayer\\app\\Views\\playlist.php')
 3 SYSTEMPATH\View\View.php(226): include('C:\\laragon\\www\\Musicplayer\\app\\Views\\song.php')
 4 SYSTEMPATH\View\View.php(229): CodeIgniter\View\View->CodeIgniter\View\{closure}()
 5 SYSTEMPATH\Common.php(1188): CodeIgniter\View\View->render('song', [], true)
 6 APPPATH\Controllers\MainController.php(25): view('song', [...])
 7 SYSTEMPATH\CodeIgniter.php(919): App\Controllers\MainController->song()
 8 SYSTEMPATH\CodeIgniter.php(494): CodeIgniter\CodeIgniter->runController(Object(App\Controllers\MainController))
 9 SYSTEMPATH\CodeIgniter.php(353): CodeIgniter\CodeIgniter->handleRequest(null, Object(Config\Cache), false)
10 FCPATH\index.php(79): CodeIgniter\CodeIgniter->run()
11 SYSTEMPATH\Commands\Server\rewrite.php(47): require_once('C:\\laragon\\www\\Musicplayer\\public\\index.php')
CRITICAL - 2023-09-24 07:30:10 --> Undefined array key "playlist"
in APPPATH\Views\playlist.php on line 18.
 1 APPPATH\Views\playlist.php(18): CodeIgniter\Debug\Exceptions->errorHandler(2, 'Undefined array key "playlist"', 'C:\\laragon\\www\\Musicplayer\\app\\Views\\playlist.php', 18)
 2 APPPATH\Views\song.php(98): include('C:\\laragon\\www\\Musicplayer\\app\\Views\\playlist.php')
 3 SYSTEMPATH\View\View.php(226): include('C:\\laragon\\www\\Musicplayer\\app\\Views\\song.php')
 4 SYSTEMPATH\View\View.php(229): CodeIgniter\View\View->CodeIgniter\View\{closure}()
 5 SYSTEMPATH\Common.php(1188): CodeIgniter\View\View->render('song', [], true)
 6 APPPATH\Controllers\MainController.php(25): view('song', [...])
 7 SYSTEMPATH\CodeIgniter.php(919): App\Controllers\MainController->song()
 8 SYSTEMPATH\CodeIgniter.php(494): CodeIgniter\CodeIgniter->runController(Object(App\Controllers\MainController))
 9 SYSTEMPATH\CodeIgniter.php(353): CodeIgniter\CodeIgniter->handleRequest(null, Object(Config\Cache), false)
10 FCPATH\index.php(79): CodeIgniter\CodeIgniter->run()
11 SYSTEMPATH\Commands\Server\rewrite.php(47): require_once('C:\\laragon\\www\\Musicplayer\\public\\index.php')
CRITICAL - 2023-09-24 07:30:10 --> Undefined array key "playlist"
in APPPATH\Views\playlist.php on line 18.
 1 APPPATH\Views\playlist.php(18): CodeIgniter\Debug\Exceptions->errorHandler(2, 'Undefined array key "playlist"', 'C:\\laragon\\www\\Musicplayer\\app\\Views\\playlist.php', 18)
 2 APPPATH\Views\song.php(98): include('C:\\laragon\\www\\Musicplayer\\app\\Views\\playlist.php')
 3 SYSTEMPATH\View\View.php(226): include('C:\\laragon\\www\\Musicplayer\\app\\Views\\song.php')
 4 SYSTEMPATH\View\View.php(229): CodeIgniter\View\View->CodeIgniter\View\{closure}()
 5 SYSTEMPATH\Common.php(1188): CodeIgniter\View\View->render('song', [], true)
 6 APPPATH\Controllers\MainController.php(25): view('song', [...])
 7 SYSTEMPATH\CodeIgniter.php(919): App\Controllers\MainController->song()
 8 SYSTEMPATH\CodeIgniter.php(494): CodeIgniter\CodeIgniter->runController(Object(App\Controllers\MainController))
 9 SYSTEMPATH\CodeIgniter.php(353): CodeIgniter\CodeIgniter->handleRequest(null, Object(Config\Cache), false)
10 FCPATH\index.php(79): CodeIgniter\CodeIgniter->run()
11 SYSTEMPATH\Commands\Server\rewrite.php(47): require_once('C:\\laragon\\www\\Musicplayer\\public\\index.php')
CRITICAL - 2023-09-24 07:30:11 --> Undefined array key "playlist"
in APPPATH\Views\playlist.php on line 18.
 1 APPPATH\Views\playlist.php(18): CodeIgniter\Debug\Exceptions->errorHandler(2, 'Undefined array key "playlist"', 'C:\\laragon\\www\\Musicplayer\\app\\Views\\playlist.php', 18)
 2 APPPATH\Views\song.php(98): include('C:\\laragon\\www\\Musicplayer\\app\\Views\\playlist.php')
 3 SYSTEMPATH\View\View.php(226): include('C:\\laragon\\www\\Musicplayer\\app\\Views\\song.php')
 4 SYSTEMPATH\View\View.php(229): CodeIgniter\View\View->CodeIgniter\View\{closure}()
 5 SYSTEMPATH\Common.php(1188): CodeIgniter\View\View->render('song', [], true)
 6 APPPATH\Controllers\MainController.php(25): view('song', [...])
 7 SYSTEMPATH\CodeIgniter.php(919): App\Controllers\MainController->song()
 8 SYSTEMPATH\CodeIgniter.php(494): CodeIgniter\CodeIgniter->runController(Object(App\Controllers\MainController))
 9 SYSTEMPATH\CodeIgniter.php(353): CodeIgniter\CodeIgniter->handleRequest(null, Object(Config\Cache), false)
10 FCPATH\index.php(79): CodeIgniter\CodeIgniter->run()
11 SYSTEMPATH\Commands\Server\rewrite.php(47): require_once('C:\\laragon\\www\\Musicplayer\\public\\index.php')
CRITICAL - 2023-09-24 07:31:35 --> syntax error, unexpected token "endforeach", expecting end of file
in APPPATH\Views\playlist.php on line 19.
 1 SYSTEMPATH\View\View.php(226): include()
 2 SYSTEMPATH\View\View.php(229): CodeIgniter\View\View->CodeIgniter\View\{closure}()
 3 SYSTEMPATH\Common.php(1188): CodeIgniter\View\View->render('song', [], true)
 4 APPPATH\Controllers\MainController.php(25): view('song', [...])
 5 SYSTEMPATH\CodeIgniter.php(919): App\Controllers\MainController->song()
 6 SYSTEMPATH\CodeIgniter.php(494): CodeIgniter\CodeIgniter->runController(Object(App\Controllers\MainController))
 7 SYSTEMPATH\CodeIgniter.php(353): CodeIgniter\CodeIgniter->handleRequest(null, Object(Config\Cache), false)
 8 FCPATH\index.php(79): CodeIgniter\CodeIgniter->run()
 9 SYSTEMPATH\Commands\Server\rewrite.php(47): require_once('C:\\laragon\\www\\Musicplayer\\public\\index.php')
CRITICAL - 2023-09-24 07:31:50 --> syntax error, unexpected token "endforeach", expecting end of file
in APPPATH\Views\playlist.php on line 19.
 1 SYSTEMPATH\View\View.php(226): include()
 2 SYSTEMPATH\View\View.php(229): CodeIgniter\View\View->CodeIgniter\View\{closure}()
 3 SYSTEMPATH\Common.php(1188): CodeIgniter\View\View->render('song', [], true)
 4 APPPATH\Controllers\MainController.php(25): view('song', [...])
 5 SYSTEMPATH\CodeIgniter.php(919): App\Controllers\MainController->song()
 6 SYSTEMPATH\CodeIgniter.php(494): CodeIgniter\CodeIgniter->runController(Object(App\Controllers\MainController))
 7 SYSTEMPATH\CodeIgniter.php(353): CodeIgniter\CodeIgniter->handleRequest(null, Object(Config\Cache), false)
 8 FCPATH\index.php(79): CodeIgniter\CodeIgniter->run()
 9 SYSTEMPATH\Commands\Server\rewrite.php(47): require_once('C:\\laragon\\www\\Musicplayer\\public\\index.php')
CRITICAL - 2023-09-24 07:32:23 --> syntax error, unexpected token "endforeach", expecting end of file
in APPPATH\Views\playlist.php on line 19.
 1 SYSTEMPATH\View\View.php(226): include()
 2 SYSTEMPATH\View\View.php(229): CodeIgniter\View\View->CodeIgniter\View\{closure}()
 3 SYSTEMPATH\Common.php(1188): CodeIgniter\View\View->render('song', [], true)
 4 APPPATH\Controllers\MainController.php(25): view('song', [...])
 5 SYSTEMPATH\CodeIgniter.php(919): App\Controllers\MainController->song()
 6 SYSTEMPATH\CodeIgniter.php(494): CodeIgniter\CodeIgniter->runController(Object(App\Controllers\MainController))
 7 SYSTEMPATH\CodeIgniter.php(353): CodeIgniter\CodeIgniter->handleRequest(null, Object(Config\Cache), false)
 8 FCPATH\index.php(79): CodeIgniter\CodeIgniter->run()
 9 SYSTEMPATH\Commands\Server\rewrite.php(47): require_once('C:\\laragon\\www\\Musicplayer\\public\\index.php')
CRITICAL - 2023-09-24 07:32:23 --> syntax error, unexpected token "endforeach", expecting end of file
in APPPATH\Views\playlist.php on line 19.
 1 SYSTEMPATH\View\View.php(226): include()
 2 SYSTEMPATH\View\View.php(229): CodeIgniter\View\View->CodeIgniter\View\{closure}()
 3 SYSTEMPATH\Common.php(1188): CodeIgniter\View\View->render('song', [], true)
 4 APPPATH\Controllers\MainController.php(25): view('song', [...])
 5 SYSTEMPATH\CodeIgniter.php(919): App\Controllers\MainController->song()
 6 SYSTEMPATH\CodeIgniter.php(494): CodeIgniter\CodeIgniter->runController(Object(App\Controllers\MainController))
 7 SYSTEMPATH\CodeIgniter.php(353): CodeIgniter\CodeIgniter->handleRequest(null, Object(Config\Cache), false)
 8 FCPATH\index.php(79): CodeIgniter\CodeIgniter->run()
 9 SYSTEMPATH\Commands\Server\rewrite.php(47): require_once('C:\\laragon\\www\\Musicplayer\\public\\index.php')
CRITICAL - 2023-09-24 07:32:24 --> syntax error, unexpected token "endforeach", expecting end of file
in APPPATH\Views\playlist.php on line 19.
 1 SYSTEMPATH\View\View.php(226): include()
 2 SYSTEMPATH\View\View.php(229): CodeIgniter\View\View->CodeIgniter\View\{closure}()
 3 SYSTEMPATH\Common.php(1188): CodeIgniter\View\View->render('song', [], true)
 4 APPPATH\Controllers\MainController.php(25): view('song', [...])
 5 SYSTEMPATH\CodeIgniter.php(919): App\Controllers\MainController->song()
 6 SYSTEMPATH\CodeIgniter.php(494): CodeIgniter\CodeIgniter->runController(Object(App\Controllers\MainController))
 7 SYSTEMPATH\CodeIgniter.php(353): CodeIgniter\CodeIgniter->handleRequest(null, Object(Config\Cache), false)
 8 FCPATH\index.php(79): CodeIgniter\CodeIgniter->run()
 9 SYSTEMPATH\Commands\Server\rewrite.php(47): require_once('C:\\laragon\\www\\Musicplayer\\public\\index.php')
CRITICAL - 2023-09-24 07:32:24 --> syntax error, unexpected token "endforeach", expecting end of file
in APPPATH\Views\playlist.php on line 19.
 1 SYSTEMPATH\View\View.php(226): include()
 2 SYSTEMPATH\View\View.php(229): CodeIgniter\View\View->CodeIgniter\View\{closure}()
 3 SYSTEMPATH\Common.php(1188): CodeIgniter\View\View->render('song', [], true)
 4 APPPATH\Controllers\MainController.php(25): view('song', [...])
 5 SYSTEMPATH\CodeIgniter.php(919): App\Controllers\MainController->song()
 6 SYSTEMPATH\CodeIgniter.php(494): CodeIgniter\CodeIgniter->runController(Object(App\Controllers\MainController))
 7 SYSTEMPATH\CodeIgniter.php(353): CodeIgniter\CodeIgniter->handleRequest(null, Object(Config\Cache), false)
 8 FCPATH\index.php(79): CodeIgniter\CodeIgniter->run()
 9 SYSTEMPATH\Commands\Server\rewrite.php(47): require_once('C:\\laragon\\www\\Musicplayer\\public\\index.php')
CRITICAL - 2023-09-24 07:32:39 --> Undefined array key "playlist"
in APPPATH\Views\playlist.php on line 18.
 1 APPPATH\Views\playlist.php(18): CodeIgniter\Debug\Exceptions->errorHandler(2, 'Undefined array key "playlist"', 'C:\\laragon\\www\\Musicplayer\\app\\Views\\playlist.php', 18)
 2 APPPATH\Views\song.php(98): include('C:\\laragon\\www\\Musicplayer\\app\\Views\\playlist.php')
 3 SYSTEMPATH\View\View.php(226): include('C:\\laragon\\www\\Musicplayer\\app\\Views\\song.php')
 4 SYSTEMPATH\View\View.php(229): CodeIgniter\View\View->CodeIgniter\View\{closure}()
 5 SYSTEMPATH\Common.php(1188): CodeIgniter\View\View->render('song', [], true)
 6 APPPATH\Controllers\MainController.php(25): view('song', [...])
 7 SYSTEMPATH\CodeIgniter.php(919): App\Controllers\MainController->song()
 8 SYSTEMPATH\CodeIgniter.php(494): CodeIgniter\CodeIgniter->runController(Object(App\Controllers\MainController))
 9 SYSTEMPATH\CodeIgniter.php(353): CodeIgniter\CodeIgniter->handleRequest(null, Object(Config\Cache), false)
10 FCPATH\index.php(79): CodeIgniter\CodeIgniter->run()
11 SYSTEMPATH\Commands\Server\rewrite.php(47): require_once('C:\\laragon\\www\\Musicplayer\\public\\index.php')
CRITICAL - 2023-09-24 07:32:51 --> Undefined array key "playlist"
in APPPATH\Views\playlist.php on line 18.
 1 APPPATH\Views\playlist.php(18): CodeIgniter\Debug\Exceptions->errorHandler(2, 'Undefined array key "playlist"', 'C:\\laragon\\www\\Musicplayer\\app\\Views\\playlist.php', 18)
 2 APPPATH\Views\song.php(98): include('C:\\laragon\\www\\Musicplayer\\app\\Views\\playlist.php')
 3 SYSTEMPATH\View\View.php(226): include('C:\\laragon\\www\\Musicplayer\\app\\Views\\song.php')
 4 SYSTEMPATH\View\View.php(229): CodeIgniter\View\View->CodeIgniter\View\{closure}()
 5 SYSTEMPATH\Common.php(1188): CodeIgniter\View\View->render('song', [], true)
 6 APPPATH\Controllers\MainController.php(25): view('song', [...])
 7 SYSTEMPATH\CodeIgniter.php(919): App\Controllers\MainController->song()
 8 SYSTEMPATH\CodeIgniter.php(494): CodeIgniter\CodeIgniter->runController(Object(App\Controllers\MainController))
 9 SYSTEMPATH\CodeIgniter.php(353): CodeIgniter\CodeIgniter->handleRequest(null, Object(Config\Cache), false)
10 FCPATH\index.php(79): CodeIgniter\CodeIgniter->run()
11 SYSTEMPATH\Commands\Server\rewrite.php(47): require_once('C:\\laragon\\www\\Musicplayer\\public\\index.php')
CRITICAL - 2023-09-24 07:39:41 --> Call to undefined function inclue()
in APPPATH\Views\song.php on line 55.
 1 SYSTEMPATH\View\View.php(226): include()
 2 SYSTEMPATH\View\View.php(229): CodeIgniter\View\View->CodeIgniter\View\{closure}()
 3 SYSTEMPATH\Common.php(1188): CodeIgniter\View\View->render('song', [], true)
 4 APPPATH\Controllers\MainController.php(25): view('song', [...])
 5 SYSTEMPATH\CodeIgniter.php(919): App\Controllers\MainController->song()
 6 SYSTEMPATH\CodeIgniter.php(494): CodeIgniter\CodeIgniter->runController(Object(App\Controllers\MainController))
 7 SYSTEMPATH\CodeIgniter.php(353): CodeIgniter\CodeIgniter->handleRequest(null, Object(Config\Cache), false)
 8 FCPATH\index.php(79): CodeIgniter\CodeIgniter->run()
 9 SYSTEMPATH\Commands\Server\rewrite.php(47): require_once('C:\\laragon\\www\\Musicplayer\\public\\index.php')
