ERROR - 2023-09-27 09:30:53 --> mysqli_sql_exception: Cannot add or update a child row: a foreign key constraint fails (`dbsong`.`tbsong`, CONSTRAINT `tbsong_ibfk_2` FOREIGN KEY (`idplaylist`) REFERENCES `tbplaylist` (`id`) ON DELETE SET NULL ON UPDATE SET NULL) in C:\laragon\www\Musicplayer\system\Database\MySQLi\Connection.php:306
Stack trace:
#0 C:\laragon\www\Musicplayer\system\Database\MySQLi\Connection.php(306): mysqli->query('INSERT INTO `tb...', 0)
#1 C:\laragon\www\Musicplayer\system\Database\BaseConnection.php(692): CodeIgniter\Database\MySQLi\Connection->execute('INSERT INTO `tb...')
#2 C:\laragon\www\Musicplayer\system\Database\BaseConnection.php(606): CodeIgniter\Database\BaseConnection->simpleQuery('INSERT INTO `tb...')
#3 C:\laragon\www\Musicplayer\system\Database\BaseBuilder.php(2308): CodeIgniter\Database\BaseConnection->query('INSERT INTO `tb...', Array, false)
#4 C:\laragon\www\Musicplayer\system\Model.php(319): CodeIgniter\Database\BaseBuilder->insert()
#5 C:\laragon\www\Musicplayer\system\BaseModel.php(788): CodeIgniter\Model->doInsert(Array)
#6 C:\laragon\www\Musicplayer\system\Model.php(715): CodeIgniter\BaseModel->insert(Array, false)
#7 C:\laragon\www\Musicplayer\system\BaseModel.php(698): CodeIgniter\Model->insert(Array, false)
#8 C:\laragon\www\Musicplayer\app\Controllers\MainController.php(78): CodeIgniter\BaseModel->save(Array)
#9 C:\laragon\www\Musicplayer\system\CodeIgniter.php(919): App\Controllers\MainController->saveMusic()
#10 C:\laragon\www\Musicplayer\system\CodeIgniter.php(494): CodeIgniter\CodeIgniter->runController(Object(App\Controllers\MainController))
#11 C:\laragon\www\Musicplayer\system\CodeIgniter.php(353): CodeIgniter\CodeIgniter->handleRequest(NULL, Object(Config\Cache), false)
#12 C:\laragon\www\Musicplayer\public\index.php(79): CodeIgniter\CodeIgniter->run()
#13 C:\laragon\www\Musicplayer\system\Commands\Server\rewrite.php(47): require_once('C:\\laragon\\www\\...')
#14 {main}
CRITICAL - 2023-09-27 09:30:53 --> Cannot add or update a child row: a foreign key constraint fails (`dbsong`.`tbsong`, CONSTRAINT `tbsong_ibfk_2` FOREIGN KEY (`idplaylist`) REFERENCES `tbplaylist` (`id`) ON DELETE SET NULL ON UPDATE SET NULL)
in SYSTEMPATH\Database\BaseConnection.php on line 646.
 1 SYSTEMPATH\Database\BaseBuilder.php(2308): CodeIgniter\Database\BaseConnection->query('INSERT INTO `tbsong` (`idmusic`, `idplaylist`) VALUES (:idmusic:, :idplaylist:)', [...], false)
 2 SYSTEMPATH\Model.php(319): CodeIgniter\Database\BaseBuilder->insert()
 3 SYSTEMPATH\BaseModel.php(788): CodeIgniter\Model->doInsert([...])
 4 SYSTEMPATH\Model.php(715): CodeIgniter\BaseModel->insert([...], false)
 5 SYSTEMPATH\BaseModel.php(698): CodeIgniter\Model->insert([...], false)
 6 APPPATH\Controllers\MainController.php(78): CodeIgniter\BaseModel->save([...])
 7 SYSTEMPATH\CodeIgniter.php(919): App\Controllers\MainController->saveMusic()
 8 SYSTEMPATH\CodeIgniter.php(494): CodeIgniter\CodeIgniter->runController(Object(App\Controllers\MainController))
 9 SYSTEMPATH\CodeIgniter.php(353): CodeIgniter\CodeIgniter->handleRequest(null, Object(Config\Cache), false)
10 FCPATH\index.php(79): CodeIgniter\CodeIgniter->run()
11 SYSTEMPATH\Commands\Server\rewrite.php(47): require_once('C:\\laragon\\www\\Musicplayer\\public\\index.php')
ERROR - 2023-09-27 09:33:31 --> mysqli_sql_exception: Cannot add or update a child row: a foreign key constraint fails (`dbsong`.`tbsong`, CONSTRAINT `tbsong_ibfk_1` FOREIGN KEY (`idplaylist`) REFERENCES `tbplaylist` (`id`) ON DELETE SET NULL ON UPDATE SET NULL) in C:\laragon\www\Musicplayer\system\Database\MySQLi\Connection.php:306
Stack trace:
#0 C:\laragon\www\Musicplayer\system\Database\MySQLi\Connection.php(306): mysqli->query('INSERT INTO `tb...', 0)
#1 C:\laragon\www\Musicplayer\system\Database\BaseConnection.php(692): CodeIgniter\Database\MySQLi\Connection->execute('INSERT INTO `tb...')
#2 C:\laragon\www\Musicplayer\system\Database\BaseConnection.php(606): CodeIgniter\Database\BaseConnection->simpleQuery('INSERT INTO `tb...')
#3 C:\laragon\www\Musicplayer\system\Database\BaseBuilder.php(2308): CodeIgniter\Database\BaseConnection->query('INSERT INTO `tb...', Array, false)
#4 C:\laragon\www\Musicplayer\system\Model.php(319): CodeIgniter\Database\BaseBuilder->insert()
#5 C:\laragon\www\Musicplayer\system\BaseModel.php(788): CodeIgniter\Model->doInsert(Array)
#6 C:\laragon\www\Musicplayer\system\Model.php(715): CodeIgniter\BaseModel->insert(Array, false)
#7 C:\laragon\www\Musicplayer\system\BaseModel.php(698): CodeIgniter\Model->insert(Array, false)
#8 C:\laragon\www\Musicplayer\app\Controllers\MainController.php(78): CodeIgniter\BaseModel->save(Array)
#9 C:\laragon\www\Musicplayer\system\CodeIgniter.php(919): App\Controllers\MainController->saveMusic()
#10 C:\laragon\www\Musicplayer\system\CodeIgniter.php(494): CodeIgniter\CodeIgniter->runController(Object(App\Controllers\MainController))
#11 C:\laragon\www\Musicplayer\system\CodeIgniter.php(353): CodeIgniter\CodeIgniter->handleRequest(NULL, Object(Config\Cache), false)
#12 C:\laragon\www\Musicplayer\public\index.php(79): CodeIgniter\CodeIgniter->run()
#13 C:\laragon\www\Musicplayer\system\Commands\Server\rewrite.php(47): require_once('C:\\laragon\\www\\...')
#14 {main}
CRITICAL - 2023-09-27 09:33:31 --> Cannot add or update a child row: a foreign key constraint fails (`dbsong`.`tbsong`, CONSTRAINT `tbsong_ibfk_1` FOREIGN KEY (`idplaylist`) REFERENCES `tbplaylist` (`id`) ON DELETE SET NULL ON UPDATE SET NULL)
in SYSTEMPATH\Database\BaseConnection.php on line 646.
 1 SYSTEMPATH\Database\BaseBuilder.php(2308): CodeIgniter\Database\BaseConnection->query('INSERT INTO `tbsong` (`idmusic`, `idplaylist`) VALUES (:idmusic:, :idplaylist:)', [...], false)
 2 SYSTEMPATH\Model.php(319): CodeIgniter\Database\BaseBuilder->insert()
 3 SYSTEMPATH\BaseModel.php(788): CodeIgniter\Model->doInsert([...])
 4 SYSTEMPATH\Model.php(715): CodeIgniter\BaseModel->insert([...], false)
 5 SYSTEMPATH\BaseModel.php(698): CodeIgniter\Model->insert([...], false)
 6 APPPATH\Controllers\MainController.php(78): CodeIgniter\BaseModel->save([...])
 7 SYSTEMPATH\CodeIgniter.php(919): App\Controllers\MainController->saveMusic()
 8 SYSTEMPATH\CodeIgniter.php(494): CodeIgniter\CodeIgniter->runController(Object(App\Controllers\MainController))
 9 SYSTEMPATH\CodeIgniter.php(353): CodeIgniter\CodeIgniter->handleRequest(null, Object(Config\Cache), false)
10 FCPATH\index.php(79): CodeIgniter\CodeIgniter->run()
11 SYSTEMPATH\Commands\Server\rewrite.php(47): require_once('C:\\laragon\\www\\Musicplayer\\public\\index.php')
ERROR - 2023-09-27 09:33:37 --> mysqli_sql_exception: Cannot add or update a child row: a foreign key constraint fails (`dbsong`.`tbsong`, CONSTRAINT `tbsong_ibfk_1` FOREIGN KEY (`idplaylist`) REFERENCES `tbplaylist` (`id`) ON DELETE SET NULL ON UPDATE SET NULL) in C:\laragon\www\Musicplayer\system\Database\MySQLi\Connection.php:306
Stack trace:
#0 C:\laragon\www\Musicplayer\system\Database\MySQLi\Connection.php(306): mysqli->query('INSERT INTO `tb...', 0)
#1 C:\laragon\www\Musicplayer\system\Database\BaseConnection.php(692): CodeIgniter\Database\MySQLi\Connection->execute('INSERT INTO `tb...')
#2 C:\laragon\www\Musicplayer\system\Database\BaseConnection.php(606): CodeIgniter\Database\BaseConnection->simpleQuery('INSERT INTO `tb...')
#3 C:\laragon\www\Musicplayer\system\Database\BaseBuilder.php(2308): CodeIgniter\Database\BaseConnection->query('INSERT INTO `tb...', Array, false)
#4 C:\laragon\www\Musicplayer\system\Model.php(319): CodeIgniter\Database\BaseBuilder->insert()
#5 C:\laragon\www\Musicplayer\system\BaseModel.php(788): CodeIgniter\Model->doInsert(Array)
#6 C:\laragon\www\Musicplayer\system\Model.php(715): CodeIgniter\BaseModel->insert(Array, false)
#7 C:\laragon\www\Musicplayer\system\BaseModel.php(698): CodeIgniter\Model->insert(Array, false)
#8 C:\laragon\www\Musicplayer\app\Controllers\MainController.php(78): CodeIgniter\BaseModel->save(Array)
#9 C:\laragon\www\Musicplayer\system\CodeIgniter.php(919): App\Controllers\MainController->saveMusic()
#10 C:\laragon\www\Musicplayer\system\CodeIgniter.php(494): CodeIgniter\CodeIgniter->runController(Object(App\Controllers\MainController))
#11 C:\laragon\www\Musicplayer\system\CodeIgniter.php(353): CodeIgniter\CodeIgniter->handleRequest(NULL, Object(Config\Cache), false)
#12 C:\laragon\www\Musicplayer\public\index.php(79): CodeIgniter\CodeIgniter->run()
#13 C:\laragon\www\Musicplayer\system\Commands\Server\rewrite.php(47): require_once('C:\\laragon\\www\\...')
#14 {main}
CRITICAL - 2023-09-27 09:33:37 --> Cannot add or update a child row: a foreign key constraint fails (`dbsong`.`tbsong`, CONSTRAINT `tbsong_ibfk_1` FOREIGN KEY (`idplaylist`) REFERENCES `tbplaylist` (`id`) ON DELETE SET NULL ON UPDATE SET NULL)
in SYSTEMPATH\Database\BaseConnection.php on line 646.
 1 SYSTEMPATH\Database\BaseBuilder.php(2308): CodeIgniter\Database\BaseConnection->query('INSERT INTO `tbsong` (`idmusic`, `idplaylist`) VALUES (:idmusic:, :idplaylist:)', [...], false)
 2 SYSTEMPATH\Model.php(319): CodeIgniter\Database\BaseBuilder->insert()
 3 SYSTEMPATH\BaseModel.php(788): CodeIgniter\Model->doInsert([...])
 4 SYSTEMPATH\Model.php(715): CodeIgniter\BaseModel->insert([...], false)
 5 SYSTEMPATH\BaseModel.php(698): CodeIgniter\Model->insert([...], false)
 6 APPPATH\Controllers\MainController.php(78): CodeIgniter\BaseModel->save([...])
 7 SYSTEMPATH\CodeIgniter.php(919): App\Controllers\MainController->saveMusic()
 8 SYSTEMPATH\CodeIgniter.php(494): CodeIgniter\CodeIgniter->runController(Object(App\Controllers\MainController))
 9 SYSTEMPATH\CodeIgniter.php(353): CodeIgniter\CodeIgniter->handleRequest(null, Object(Config\Cache), false)
10 FCPATH\index.php(79): CodeIgniter\CodeIgniter->run()
11 SYSTEMPATH\Commands\Server\rewrite.php(47): require_once('C:\\laragon\\www\\Musicplayer\\public\\index.php')
